<?xml version="1.0" encoding="UTF-8" ?>
<testsuite errors="0" failures="0" hostname="INmaharjun.local" name="com.twu.biblioteca.LibraryTest" skipped="0" tests="5" time="0.168" timestamp="2015-09-14T05:11:03">
  <properties>
[...]
</properties>
  <testcase classname="com.twu.biblioteca.LibraryTest" name="shouldPrintThePreExistingListOfBooks" time="0.129" />
  <testcase classname="com.twu.biblioteca.LibraryTest" name="shouldPrintTheThankYouWhenChooseAvailableBook" time="0.0" />
  <testcase classname="com.twu.biblioteca.LibraryTest" name="shouldPrintTheInvalidMessageWhenWeWantToReturnInvalidBook" time="0.001" />
  <testcase classname="com.twu.biblioteca.LibraryTest" name="shouldPrintTheThankYouMessageWhenWeWantToReturnValidBook" time="0.0" />
  <testcase classname="com.twu.biblioteca.LibraryTest" name="shouldPrintTheInvalidMessageWhenChooseUnavailableBook" time="0.0" />
  <system-out><![CDATA[10:41:03,559 |-INFO in ch.qos.logback.classic.LoggerContext[default] - Could NOT find resource [logback.groovy]
10:41:03,559 |-INFO in ch.qos.logback.classic.LoggerContext[default] - Could NOT find resource [logback-test.xml]
10:41:03,560 |-INFO in ch.qos.logback.classic.LoggerContext[default] - Found resource [logback.xml] at [jar:file:/Users/maharjun/IdeaProjects/BibliotecaApp/lib/cobertura-2.1.1/cobertura-2.1.1-sources.jar!/logback.xml]
10:41:03,560 |-WARN in ch.qos.logback.classic.LoggerContext[default] - Resource [logback.xml] occurs multiple times on the classpath.
10:41:03,560 |-WARN in ch.qos.logback.classic.LoggerContext[default] - Resource [logback.xml] occurs at [jar:file:/Users/maharjun/IdeaProjects/BibliotecaApp/lib/cobertura-2.1.1/cobertura-2.1.1-sources.jar!/logback.xml]
10:41:03,560 |-WARN in ch.qos.logback.classic.LoggerContext[default] - Resource [logback.xml] occurs at [jar:file:/Users/maharjun/IdeaProjects/BibliotecaApp/lib/cobertura-2.1.1/cobertura-2.1.1.jar!/logback.xml]
10:41:03,574 |-INFO in ch.qos.logback.core.joran.spi.ConfigurationWatchList@7ac7a4e4 - URL [jar:file:/Users/maharjun/IdeaProjects/BibliotecaApp/lib/cobertura-2.1.1/cobertura-2.1.1-sources.jar!/logback.xml] is not of type file
10:41:03,605 |-INFO in ch.qos.logback.classic.joran.action.ConfigurationAction - debug attribute not set
10:41:03,606 |-INFO in ch.qos.logback.core.joran.action.AppenderAction - About to instantiate appender of type [ch.qos.logback.core.ConsoleAppender]
10:41:03,613 |-INFO in ch.qos.logback.core.joran.action.AppenderAction - Naming appender as [STDOUT]
10:41:03,627 |-INFO in ch.qos.logback.core.joran.action.NestedComplexPropertyIA - Assuming default type [ch.qos.logback.classic.encoder.PatternLayoutEncoder] for [encoder] property
10:41:03,651 |-INFO in ch.qos.logback.classic.joran.action.LoggerAction - Setting level of logger [net.sourceforge.cobertura] to INFO
10:41:03,652 |-INFO in ch.qos.logback.classic.joran.action.RootLoggerAction - Setting level of ROOT logger to DEBUG
10:41:03,652 |-INFO in ch.qos.logback.core.joran.action.AppenderRefAction - Attaching appender named [STDOUT] to Logger[ROOT]
10:41:03,652 |-INFO in ch.qos.logback.classic.joran.action.ConfigurationAction - End of configuration.
10:41:03,653 |-INFO in ch.qos.logback.classic.joran.JoranConfigurator@6d78f375 - Registering current configuration as safe fallback point

]]></system-out>
  <system-err><![CDATA[]]></system-err>
</testsuite>
