<?xml version="1.0" encoding="UTF-8" ?>
<testsuites>
  <testsuite errors="1" failures="0" hostname="INmaharjun.local" id="0" name="BibliotecaAppTest" package="com.twu.biblioteca" skipped="0" tests="1" time="0.053" timestamp="2015-09-09T12:23:29">
      <properties>
[...]
</properties>

      <testcase classname="com.twu.biblioteca.BibliotecaAppTest" name="initializationError" time="0.007">
          <error message="Lorg/junit/contrib/java/lang/system/ExpectedSystemExit;" type="java.lang.NoClassDefFoundError">java.lang.NoClassDefFoundError: Lorg/junit/contrib/java/lang/system/ExpectedSystemExit;
	at java.lang.Class.getDeclaredFields0(Native Method)
	at java.lang.Class.privateGetDeclaredFields(Class.java:2575)
	at java.lang.Class.getDeclaredFields(Class.java:1908)
	at java.lang.reflect.Constructor.newInstance(Constructor.java:408)
	at java.net.URLClassLoader$1.run(URLClassLoader.java:372)
	at java.net.URLClassLoader$1.run(URLClassLoader.java:361)
	at java.security.AccessController.doPrivileged(Native Method)
	at java.net.URLClassLoader.findClass(URLClassLoader.java:360)
	at java.lang.ClassLoader.loadClass(ClassLoader.java:424)
	at sun.misc.Launcher$AppClassLoader.loadClass(Launcher.java:308)
	at java.lang.ClassLoader.loadClass(ClassLoader.java:357)
</error>

      </testcase>

      <system-out><![CDATA[]]></system-out>

      <system-err><![CDATA[]]></system-err>

  </testsuite>
  <testsuite errors="2" failures="3" hostname="INmaharjun.local" id="1" name="BookTest" package="com.twu.biblioteca" skipped="0" tests="5" time="0.207" timestamp="2015-09-09T12:23:30">
      <properties>
[...]
</properties>

      <testcase classname="com.twu.biblioteca.BookTest" name="shouldReturnTrueThisBookNameIsNotEqualToThatBookName" time="0.169">
          <error message="com.twu.biblioteca.Book.searchByname(Ljava/lang/String;)Z" type="java.lang.NoSuchMethodError">java.lang.NoSuchMethodError: com.twu.biblioteca.Book.searchByname(Ljava/lang/String;)Z
	at com.twu.biblioteca.BookTest.shouldReturnTrueThisBookNameIsNotEqualToThatBookName(BookTest.java:42)
</error>

      </testcase>

      <testcase classname="com.twu.biblioteca.BookTest" name="shouldHaveNameAuthorAndYearPublishedForEachBookAndPrintThem" time="0.002">
          <failure message="expected:&lt;H[EAD FIRST JAVA     BERT BATES          2009                ]&gt; but was:&lt;H[ead First Java&#x9;Bert Bates&#x9;2009]&gt;" type="junit.framework.AssertionFailedError">junit.framework.AssertionFailedError: expected:&lt;H[EAD FIRST JAVA     BERT BATES          2009                ]&gt; but was:&lt;H[ead First Java	Bert Bates	2009]&gt;
	at com.twu.biblioteca.BookTest.shouldHaveNameAuthorAndYearPublishedForEachBookAndPrintThem(BookTest.java:30)
</failure>

      </testcase>

      <testcase classname="com.twu.biblioteca.BookTest" name="shouldHaveNameForEachBookAndPrintIt" time="0.001">
          <failure message="expected:&lt;H[EAD FIRST JAVA     BERT BATES          2009                ]&gt; but was:&lt;H[ead First Java&#x9;Bert Bates&#x9;2009]&gt;" type="junit.framework.AssertionFailedError">junit.framework.AssertionFailedError: expected:&lt;H[EAD FIRST JAVA     BERT BATES          2009                ]&gt; but was:&lt;H[ead First Java	Bert Bates	2009]&gt;
	at com.twu.biblioteca.BookTest.shouldHaveNameForEachBookAndPrintIt(BookTest.java:16)
</failure>

      </testcase>

      <testcase classname="com.twu.biblioteca.BookTest" name="shouldHaveNameAndAuthorForEachBookAndPrintThem" time="0.001">
          <failure message="expected:&lt;H[EAD FIRST JAVA     BERT BATES          2009                ]&gt; but was:&lt;H[ead First Java&#x9;Bert Bates&#x9;2009]&gt;" type="junit.framework.AssertionFailedError">junit.framework.AssertionFailedError: expected:&lt;H[EAD FIRST JAVA     BERT BATES          2009                ]&gt; but was:&lt;H[ead First Java	Bert Bates	2009]&gt;
	at com.twu.biblioteca.BookTest.shouldHaveNameAndAuthorForEachBookAndPrintThem(BookTest.java:23)
</failure>

      </testcase>

      <testcase classname="com.twu.biblioteca.BookTest" name="shouldReturnTrueThisBookNameIsEqualToThatBookName" time="0.001">
          <error message="com.twu.biblioteca.Book.searchByname(Ljava/lang/String;)Z" type="java.lang.NoSuchMethodError">java.lang.NoSuchMethodError: com.twu.biblioteca.Book.searchByname(Ljava/lang/String;)Z
	at com.twu.biblioteca.BookTest.shouldReturnTrueThisBookNameIsEqualToThatBookName(BookTest.java:36)
</error>

      </testcase>

      <system-out><![CDATA[17:53:30,177 |-INFO in ch.qos.logback.classic.LoggerContext[default] - Could NOT find resource [logback.groovy]
17:53:30,177 |-INFO in ch.qos.logback.classic.LoggerContext[default] - Could NOT find resource [logback-test.xml]
17:53:30,177 |-INFO in ch.qos.logback.classic.LoggerContext[default] - Found resource [logback.xml] at [jar:file:/Users/maharjun/IdeaProjects/BibliotecaApp/lib/cobertura-2.1.1/cobertura-2.1.1-sources.jar!/logback.xml]
17:53:30,178 |-WARN in ch.qos.logback.classic.LoggerContext[default] - Resource [logback.xml] occurs multiple times on the classpath.
17:53:30,178 |-WARN in ch.qos.logback.classic.LoggerContext[default] - Resource [logback.xml] occurs at [jar:file:/Users/maharjun/IdeaProjects/BibliotecaApp/lib/cobertura-2.1.1/cobertura-2.1.1-sources.jar!/logback.xml]
17:53:30,178 |-WARN in ch.qos.logback.classic.LoggerContext[default] - Resource [logback.xml] occurs at [jar:file:/Users/maharjun/IdeaProjects/BibliotecaApp/lib/cobertura-2.1.1/cobertura-2.1.1.jar!/logback.xml]
17:53:30,194 |-INFO in ch.qos.logback.core.joran.spi.ConfigurationWatchList@7ac7a4e4 - URL [jar:file:/Users/maharjun/IdeaProjects/BibliotecaApp/lib/cobertura-2.1.1/cobertura-2.1.1-sources.jar!/logback.xml] is not of type file
17:53:30,231 |-INFO in ch.qos.logback.classic.joran.action.ConfigurationAction - debug attribute not set
17:53:30,233 |-INFO in ch.qos.logback.core.joran.action.AppenderAction - About to instantiate appender of type [ch.qos.logback.core.ConsoleAppender]
17:53:30,239 |-INFO in ch.qos.logback.core.joran.action.AppenderAction - Naming appender as [STDOUT]
17:53:30,253 |-INFO in ch.qos.logback.core.joran.action.NestedComplexPropertyIA - Assuming default type [ch.qos.logback.classic.encoder.PatternLayoutEncoder] for [encoder] property
17:53:30,290 |-INFO in ch.qos.logback.classic.joran.action.LoggerAction - Setting level of logger [net.sourceforge.cobertura] to INFO
17:53:30,291 |-INFO in ch.qos.logback.classic.joran.action.RootLoggerAction - Setting level of ROOT logger to DEBUG
17:53:30,291 |-INFO in ch.qos.logback.core.joran.action.AppenderRefAction - Attaching appender named [STDOUT] to Logger[ROOT]
17:53:30,291 |-INFO in ch.qos.logback.classic.joran.action.ConfigurationAction - End of configuration.
17:53:30,292 |-INFO in ch.qos.logback.classic.joran.JoranConfigurator@6d78f375 - Registering current configuration as safe fallback point

]]></system-out>

      <system-err><![CDATA[]]></system-err>

  </testsuite>
  <testsuite errors="0" failures="1" hostname="INmaharjun.local" id="2" name="BooksTest" package="com.twu.biblioteca" skipped="0" tests="2" time="0.169" timestamp="2015-09-07T05:28:41">
      <properties>
[...]
</properties>

      <testcase classname="com.twu.biblioteca.BooksTest" name="shouldPrintTheAllBooks" time="0.137">
          <failure message="expected:&lt;[]Book Name&#x9;Authour Na...&gt; but was:&lt;[10:58:41,872 |-INFO in ch.qos.logback.classic.LoggerContext[default] - Could NOT find resource [logback.groovy]&#xa;10:58:41,872 |-INFO in ch.qos.logback.classic.LoggerContext[default] - Could NOT find resource [logback-test.xml]&#xa;10:58:41,872 |-INFO in ch.qos.logback.classic.LoggerContext[default] - Found resource [logback.xml] at [jar:file:/Users/maharjun/IdeaProjects/BibliotecaApp/lib/cobertura-2.1.1/cobertura-2.1.1-sources.jar!/logback.xml]&#xa;10:58:41,872 |-WARN in ch.qos.logback.classic.LoggerContext[default] - Resource [logback.xml] occurs multiple times on the classpath.&#xa;10:58:41,873 |-WARN in ch.qos.logback.classic.LoggerContext[default] - Resource [logback.xml] occurs at [jar:file:/Users/maharjun/IdeaProjects/BibliotecaApp/lib/cobertura-2.1.1/cobertura-2.1.1-sources.jar!/logback.xml]&#xa;10:58:41,873 |-WARN in ch.qos.logback.classic.LoggerContext[default] - Resource [logback.xml] occurs at [jar:file:/Users/maharjun/IdeaProjects/BibliotecaApp/lib/cobertura-2.1.1/cobertura-2.1.1.jar!/logback.xml]&#xa;10:58:41,887 |-INFO in ch.qos.logback.core.joran.spi.ConfigurationWatchList@7ac7a4e4 - URL [jar:file:/Users/maharjun/IdeaProjects/BibliotecaApp/lib/cobertura-2.1.1/cobertura-2.1.1-sources.jar!/logback.xml] is not of type file&#xa;10:58:41,919 |-INFO in ch.qos.logback.classic.joran.action.ConfigurationAction - debug attribute not set&#xa;10:58:41,920 |-INFO in ch.qos.logback.core.joran.action.AppenderAction - About to instantiate appender of type [ch.qos.logback.core.ConsoleAppender]&#xa;10:58:41,925 |-INFO in ch.qos.logback.core.joran.action.AppenderAction - Naming appender as [STDOUT]&#xa;10:58:41,940 |-INFO in ch.qos.logback.core.joran.action.NestedComplexPropertyIA - Assuming default type [ch.qos.logback.classic.encoder.PatternLayoutEncoder] for [encoder] property&#xa;10:58:41,966 |-INFO in ch.qos.logback.classic.joran.action.LoggerAction - Setting level of logger [net.sourceforge.cobertura] to INFO&#xa;10:58:41,966 |-INFO in ch.qos.logback.classic.joran.action.RootLoggerAction - Setting level of ROOT logger to DEBUG&#xa;10:58:41,967 |-INFO in ch.qos.logback.core.joran.action.AppenderRefAction - Attaching appender named [STDOUT] to Logger[ROOT]&#xa;10:58:41,967 |-INFO in ch.qos.logback.classic.joran.action.ConfigurationAction - End of configuration.&#xa;10:58:41,968 |-INFO in ch.qos.logback.classic.joran.JoranConfigurator@6d78f375 - Registering current configuration as safe fallback point&#xa;&#xa;]Book Name&#x9;Authour Na...&gt;" type="junit.framework.AssertionFailedError">junit.framework.AssertionFailedError: expected:&lt;[]Book Name	Authour Na...&gt; but was:&lt;[10:58:41,872 |-INFO in ch.qos.logback.classic.LoggerContext[default] - Could NOT find resource [logback.groovy]
10:58:41,872 |-INFO in ch.qos.logback.classic.LoggerContext[default] - Could NOT find resource [logback-test.xml]
10:58:41,872 |-INFO in ch.qos.logback.classic.LoggerContext[default] - Found resource [logback.xml] at [jar:file:/Users/maharjun/IdeaProjects/BibliotecaApp/lib/cobertura-2.1.1/cobertura-2.1.1-sources.jar!/logback.xml]
10:58:41,872 |-WARN in ch.qos.logback.classic.LoggerContext[default] - Resource [logback.xml] occurs multiple times on the classpath.
10:58:41,873 |-WARN in ch.qos.logback.classic.LoggerContext[default] - Resource [logback.xml] occurs at [jar:file:/Users/maharjun/IdeaProjects/BibliotecaApp/lib/cobertura-2.1.1/cobertura-2.1.1-sources.jar!/logback.xml]
10:58:41,873 |-WARN in ch.qos.logback.classic.LoggerContext[default] - Resource [logback.xml] occurs at [jar:file:/Users/maharjun/IdeaProjects/BibliotecaApp/lib/cobertura-2.1.1/cobertura-2.1.1.jar!/logback.xml]
10:58:41,887 |-INFO in ch.qos.logback.core.joran.spi.ConfigurationWatchList@7ac7a4e4 - URL [jar:file:/Users/maharjun/IdeaProjects/BibliotecaApp/lib/cobertura-2.1.1/cobertura-2.1.1-sources.jar!/logback.xml] is not of type file
10:58:41,919 |-INFO in ch.qos.logback.classic.joran.action.ConfigurationAction - debug attribute not set
10:58:41,920 |-INFO in ch.qos.logback.core.joran.action.AppenderAction - About to instantiate appender of type [ch.qos.logback.core.ConsoleAppender]
10:58:41,925 |-INFO in ch.qos.logback.core.joran.action.AppenderAction - Naming appender as [STDOUT]
10:58:41,940 |-INFO in ch.qos.logback.core.joran.action.NestedComplexPropertyIA - Assuming default type [ch.qos.logback.classic.encoder.PatternLayoutEncoder] for [encoder] property
10:58:41,966 |-INFO in ch.qos.logback.classic.joran.action.LoggerAction - Setting level of logger [net.sourceforge.cobertura] to INFO
10:58:41,966 |-INFO in ch.qos.logback.classic.joran.action.RootLoggerAction - Setting level of ROOT logger to DEBUG
10:58:41,967 |-INFO in ch.qos.logback.core.joran.action.AppenderRefAction - Attaching appender named [STDOUT] to Logger[ROOT]
10:58:41,967 |-INFO in ch.qos.logback.classic.joran.action.ConfigurationAction - End of configuration.
10:58:41,968 |-INFO in ch.qos.logback.classic.joran.JoranConfigurator@6d78f375 - Registering current configuration as safe fallback point

]Book Name	Authour Na...&gt;
	at com.twu.biblioteca.BooksTest.shouldPrintTheAllBooks(BooksTest.java:36)
</failure>

      </testcase>

      <testcase classname="com.twu.biblioteca.BooksTest" name="shouldPrintTheOneBook" time="0.0" />

      <system-out><![CDATA[]]></system-out>

      <system-err><![CDATA[]]></system-err>

  </testsuite>
  <testsuite errors="1" failures="0" hostname="INmaharjun.local" id="3" name="DisplayTest" package="com.twu.biblioteca" skipped="0" tests="1" time="0.039" timestamp="2015-09-09T12:23:31">
      <properties>
[...]
</properties>

      <testcase classname="com.twu.biblioteca.DisplayTest" name="shouldPrintTheString" time="0.007">
          <error message="org/mockito/Mockito" type="java.lang.NoClassDefFoundError">java.lang.NoClassDefFoundError: org/mockito/Mockito
	at com.twu.biblioteca.DisplayTest.shouldPrintTheString(DisplayTest.java:15)
Caused by: java.lang.ClassNotFoundException: org.mockito.Mockito
	at java.net.URLClassLoader$1.run(URLClassLoader.java:372)
	at java.net.URLClassLoader$1.run(URLClassLoader.java:361)
	at java.security.AccessController.doPrivileged(Native Method)
	at java.net.URLClassLoader.findClass(URLClassLoader.java:360)
	at java.lang.ClassLoader.loadClass(ClassLoader.java:424)
	at sun.misc.Launcher$AppClassLoader.loadClass(Launcher.java:308)
	at java.lang.ClassLoader.loadClass(ClassLoader.java:357)
</error>

      </testcase>

      <system-out><![CDATA[]]></system-out>

      <system-err><![CDATA[]]></system-err>

  </testsuite>
  <testsuite errors="3" failures="1" hostname="INmaharjun.local" id="4" name="LibraryTest" package="com.twu.biblioteca" skipped="0" tests="5" time="0.169" timestamp="2015-09-09T12:23:31">
      <properties>
[...]
</properties>

      <testcase classname="com.twu.biblioteca.LibraryTest" name="shouldPrintThePreExistingListOfBooks" time="0.133">
          <failure message="expected:&lt;...------------------&#xa;H[EAD FIRST JAVA     BERT BATES          2009                ]&gt; but was:&lt;...------------------&#xa;H[ead First Java&#x9;Bert Bates&#x9;2009]&gt;" type="junit.framework.AssertionFailedError">junit.framework.AssertionFailedError: expected:&lt;...------------------
H[EAD FIRST JAVA     BERT BATES          2009                ]&gt; but was:&lt;...------------------
H[ead First Java	Bert Bates	2009]&gt;
	at com.twu.biblioteca.LibraryTest.shouldPrintThePreExistingListOfBooks(LibraryTest.java:18)
</failure>

      </testcase>

      <testcase classname="com.twu.biblioteca.LibraryTest" name="shouldPrintTheThankYouWhenChooseAvailableBook" time="0.0">
          <error message="com.twu.biblioteca.Book.searchByname(Ljava/lang/String;)Z" type="java.lang.NoSuchMethodError">java.lang.NoSuchMethodError: com.twu.biblioteca.Book.searchByname(Ljava/lang/String;)Z
	at com.twu.biblioteca.Library.checkedOut(Library.java:27)
	at com.twu.biblioteca.LibraryTest.shouldPrintTheThankYouWhenChooseAvailableBook(LibraryTest.java:25)
</error>

      </testcase>

      <testcase classname="com.twu.biblioteca.LibraryTest" name="shouldPrintTheInvalidMessageWhenWeWantToReturnInvalidBook" time="0.0" />

      <testcase classname="com.twu.biblioteca.LibraryTest" name="shouldPrintTheThankYouMessageWhenWeWantToReturnValidBook" time="0.0">
          <error message="com.twu.biblioteca.Book.searchByname(Ljava/lang/String;)Z" type="java.lang.NoSuchMethodError">java.lang.NoSuchMethodError: com.twu.biblioteca.Book.searchByname(Ljava/lang/String;)Z
	at com.twu.biblioteca.Library.checkedOut(Library.java:27)
	at com.twu.biblioteca.LibraryTest.shouldPrintTheThankYouMessageWhenWeWantToReturnValidBook(LibraryTest.java:45)
</error>

      </testcase>

      <testcase classname="com.twu.biblioteca.LibraryTest" name="shouldPrintTheInvalidMessageWhenChooseUnavailableBook" time="0.0">
          <error message="com.twu.biblioteca.Book.searchByname(Ljava/lang/String;)Z" type="java.lang.NoSuchMethodError">java.lang.NoSuchMethodError: com.twu.biblioteca.Book.searchByname(Ljava/lang/String;)Z
	at com.twu.biblioteca.Library.checkedOut(Library.java:27)
	at com.twu.biblioteca.LibraryTest.shouldPrintTheInvalidMessageWhenChooseUnavailableBook(LibraryTest.java:32)
</error>

      </testcase>

      <system-out><![CDATA[17:53:31,843 |-INFO in ch.qos.logback.classic.LoggerContext[default] - Could NOT find resource [logback.groovy]
17:53:31,843 |-INFO in ch.qos.logback.classic.LoggerContext[default] - Could NOT find resource [logback-test.xml]
17:53:31,843 |-INFO in ch.qos.logback.classic.LoggerContext[default] - Found resource [logback.xml] at [jar:file:/Users/maharjun/IdeaProjects/BibliotecaApp/lib/cobertura-2.1.1/cobertura-2.1.1-sources.jar!/logback.xml]
17:53:31,843 |-WARN in ch.qos.logback.classic.LoggerContext[default] - Resource [logback.xml] occurs multiple times on the classpath.
17:53:31,843 |-WARN in ch.qos.logback.classic.LoggerContext[default] - Resource [logback.xml] occurs at [jar:file:/Users/maharjun/IdeaProjects/BibliotecaApp/lib/cobertura-2.1.1/cobertura-2.1.1-sources.jar!/logback.xml]
17:53:31,843 |-WARN in ch.qos.logback.classic.LoggerContext[default] - Resource [logback.xml] occurs at [jar:file:/Users/maharjun/IdeaProjects/BibliotecaApp/lib/cobertura-2.1.1/cobertura-2.1.1.jar!/logback.xml]
17:53:31,857 |-INFO in ch.qos.logback.core.joran.spi.ConfigurationWatchList@7ac7a4e4 - URL [jar:file:/Users/maharjun/IdeaProjects/BibliotecaApp/lib/cobertura-2.1.1/cobertura-2.1.1-sources.jar!/logback.xml] is not of type file
17:53:31,890 |-INFO in ch.qos.logback.classic.joran.action.ConfigurationAction - debug attribute not set
17:53:31,891 |-INFO in ch.qos.logback.core.joran.action.AppenderAction - About to instantiate appender of type [ch.qos.logback.core.ConsoleAppender]
17:53:31,896 |-INFO in ch.qos.logback.core.joran.action.AppenderAction - Naming appender as [STDOUT]
17:53:31,910 |-INFO in ch.qos.logback.core.joran.action.NestedComplexPropertyIA - Assuming default type [ch.qos.logback.classic.encoder.PatternLayoutEncoder] for [encoder] property
17:53:31,935 |-INFO in ch.qos.logback.classic.joran.action.LoggerAction - Setting level of logger [net.sourceforge.cobertura] to INFO
17:53:31,935 |-INFO in ch.qos.logback.classic.joran.action.RootLoggerAction - Setting level of ROOT logger to DEBUG
17:53:31,935 |-INFO in ch.qos.logback.core.joran.action.AppenderRefAction - Attaching appender named [STDOUT] to Logger[ROOT]
17:53:31,935 |-INFO in ch.qos.logback.classic.joran.action.ConfigurationAction - End of configuration.
17:53:31,936 |-INFO in ch.qos.logback.classic.joran.JoranConfigurator@6d78f375 - Registering current configuration as safe fallback point

]]></system-out>

      <system-err><![CDATA[]]></system-err>

  </testsuite>
  <testsuite errors="1" failures="0" hostname="INmaharjun.local" id="5" name="MainMenuTest" package="com.twu.biblioteca" skipped="0" tests="1" time="0.0" timestamp="2015-09-07T05:28:44">
      <properties>
[...]
</properties>

      <testcase classname="com.twu.biblioteca.MainMenuTest" name="shouldCloseTheApplicationAfterChoosingQuitOption" time="0.0">
          <error message="Forked Java VM exited abnormally. Please note the time in the report does not reflect the time until the VM exit." type="junit.framework.AssertionFailedError">junit.framework.AssertionFailedError: Forked Java VM exited abnormally. Please note the time in the report does not reflect the time until the VM exit.
</error>

      </testcase>

  </testsuite>
  <testsuite errors="0" failures="0" hostname="INmaharjun.local" id="6" name="MenuTest" package="com.twu.biblioteca" skipped="0" tests="4" time="0.038" timestamp="2015-09-09T12:23:33">
      <properties>
[...]
</properties>

      <testcase classname="com.twu.biblioteca.MenuTest" name="shouldShowTheListAndQuitOptions" time="0.001" />

      <testcase classname="com.twu.biblioteca.MenuTest" name="shouldShowTheListQuitAndCheckOutBookOptions" time="0.0" />

      <testcase classname="com.twu.biblioteca.MenuTest" name="shouldShowTheListQuitCheckOutBookOptionsAndReturnBookOptions" time="0.001" />

      <testcase classname="com.twu.biblioteca.MenuTest" name="shouldShowTheListBooksOption" time="0.0" />

      <system-out><![CDATA[]]></system-out>

      <system-err><![CDATA[]]></system-err>

  </testsuite>
  <testsuite errors="0" failures="0" hostname="INmaharjun.local" id="7" name="UserInputTest" package="com.twu.biblioteca" skipped="0" tests="1" time="0.039" timestamp="2015-09-09T12:23:33">
      <properties>
[...]
</properties>

      <testcase classname="com.twu.biblioteca.UserInputTest" name="shouldGetTheInputFromTheUser" time="0.003" />

      <system-out><![CDATA[]]></system-out>

      <system-err><![CDATA[]]></system-err>

  </testsuite>
</testsuites>
