<?xml version="1.0" encoding="UTF-8" ?>
<testsuite errors="1" failures="0" hostname="INmaharjun.local" name="com.twu.biblioteca.MainMenuTest" skipped="0" tests="1" time="0.0" timestamp="2015-09-07T05:28:44">
  <properties>
[...]
</properties>
  <testcase classname="com.twu.biblioteca.MainMenuTest" name="shouldCloseTheApplicationAfterChoosingQuitOption" time="0.0">
    <error message="Forked Java VM exited abnormally. Please note the time in the report does not reflect the time until the VM exit." type="junit.framework.AssertionFailedError">junit.framework.AssertionFailedError: Forked Java VM exited abnormally. Please note the time in the report does not reflect the time until the VM exit.
</error>
  </testcase>
</testsuite>
