<?xml version="1.0" encoding="UTF-8" ?>
<testsuite errors="1" failures="0" hostname="INmaharjun.local" name="com.twu.biblioteca.DisplayTest" skipped="0" tests="1" time="0.04" timestamp="2015-09-14T05:11:03">
  <properties>
[...]
</properties>
  <testcase classname="com.twu.biblioteca.DisplayTest" name="shouldPrintTheString" time="0.008">
    <error message="org/mockito/Mockito" type="java.lang.NoClassDefFoundError">java.lang.NoClassDefFoundError: org/mockito/Mockito
	at com.twu.biblioteca.DisplayTest.shouldPrintTheString(DisplayTest.java:15)
Caused by: java.lang.ClassNotFoundException: org.mockito.Mockito
	at java.net.URLClassLoader$1.run(URLClassLoader.java:372)
	at java.net.URLClassLoader$1.run(URLClassLoader.java:361)
	at java.security.AccessController.doPrivileged(Native Method)
	at java.net.URLClassLoader.findClass(URLClassLoader.java:360)
	at java.lang.ClassLoader.loadClass(ClassLoader.java:424)
	at sun.misc.Launcher$AppClassLoader.loadClass(Launcher.java:308)
	at java.lang.ClassLoader.loadClass(ClassLoader.java:357)
</error>
  </testcase>
  <system-out><![CDATA[]]></system-out>
  <system-err><![CDATA[]]></system-err>
</testsuite>
